<?xml version="1.0" encoding="UTF-8"?>
<!-- Generated by org.testng.reporters.JUnitReportReporter -->
<testsuite hostname="DESKTOP-R98TUS7" failures="0" tests="1" name="runnerpack.RunnerAmz" time="14.534" errors="0" timestamp="26 Sep 2023 13:11:28 GMT" skipped="0">
  <testcase classname="runnerpack.RunnerAmz" name="runScenario" time="14.534"/>
</testsuite> <!-- runnerpack.RunnerAmz -->
